<?xml version="1.0" encoding="UTF-8"?>
<!-- Generated by org.testng.reporters.JUnitXMLReporter -->
<<<<<<< HEAD
<testsuite ignored="0" hostname="MIGUEL" failures="0" tests="3" name="Formula" time="159.635" errors="0" timestamp="16 mar. 2021 13:56:25 GMT">
  <testcase classname="com.timp.test.BRB.Formula" name="formulaColuna" time="62.935"/>
  <testcase classname="com.timp.test.BRB.Formula" name="formulaBoton" time="73.574"/>
  <testcase classname="com.timp.test.BRB.Formula" name="aplicar" time="12.019"/>
</testsuite> <!-- Formula -->
=======
<testsuite ignored="0" hostname="LAPTOP-IN7IV9K5" failures="1" tests="3" name="Formula" time="535.331" errors="0" timestamp="16 mar. 2021 10:20:18 GMT">
  <testcase classname="com.timp.test.BRB.Formula" name="formulaColuna" time="79.112"/>
  <testcase classname="com.timp.test.BRB.Formula" name="formulaBoton" time="438.504">
    <failure type="org.openqa.selenium.TimeoutException" message="Expected condition failed: waiting for element to be clickable: By.xpath: //*[@id=&amp;quot;table-fixed-wrapper&amp;quot;]/div[2]/div[1]/span[1]/label (tried for 360 second(s) with 500 milliseconds interval)">
      <![CDATA[org.openqa.selenium.TimeoutException: Expected condition failed: waiting for element to be clickable: By.xpath: //*[@id="table-fixed-wrapper"]/div[2]/div[1]/span[1]/label (tried for 360 second(s) with 500 milliseconds interval)
at org.openqa.selenium.support.ui.WebDriverWait.timeoutException(WebDriverWait.java:95)
at org.openqa.selenium.support.ui.FluentWait.until(FluentWait.java:272)
at com.sap.timp.base.TestBaseSteven.waitExpectXpath(TestBaseSteven.java:241)
at com.sap.timp.pageObjectModel.BRB.FormulaPO.formulaBoton(FormulaPO.java:261)
at com.timp.test.BRB.Formula.formulaBoton(Formula.java:69)
Caused by: org.openqa.selenium.NoSuchElementException: no such element: Unable to locate element: {"method":"xpath","selector":"//*[@id="table-fixed-wrapper"]/div[2]/div[1]/span[1]/label"}
  (Session info: chrome=83.0.4103.106)
For documentation on this error, please visit: https://www.seleniumhq.org/exceptions/no_such_element.html
Build info: version: '3.141.59', revision: 'e82be7d358', time: '2018-11-14T08:17:03'
System info: host: 'LAPTOP-IN7IV9K5', ip: '192.168.1.41', os.name: 'Windows 10', os.arch: 'amd64', os.version: '10.0', java.version: '15.0.2'
Driver info: org.openqa.selenium.chrome.ChromeDriver
Capabilities {acceptInsecureCerts: false, browserName: chrome, browserVersion: 83.0.4103.106, chrome: {chromedriverVersion: 83.0.4103.39 (ccbf011cb2d2b..., userDataDir: C:\Users\Agile\AppData\Loca...}, goog:chromeOptions: {debuggerAddress: localhost:61276}, javascriptEnabled: true, networkConnectionEnabled: false, pageLoadStrategy: normal, platform: WINDOWS, platformName: WINDOWS, proxy: Proxy(), setWindowRect: true, strictFileInteractability: false, timeouts: {implicit: 0, pageLoad: 300000, script: 30000}, unhandledPromptBehavior: dismiss and notify, webauthn:virtualAuthenticators: true}
Session ID: f599f1e62d9c46a77c1874dec65b2a50
*** Element info: {Using=xpath, value=//*[@id="table-fixed-wrapper"]/div[2]/div[1]/span[1]/label}
at org.openqa.selenium.remote.http.W3CHttpResponseCodec.createException(W3CHttpResponseCodec.java:187)
at org.openqa.selenium.remote.http.W3CHttpResponseCodec.decode(W3CHttpResponseCodec.java:122)
at org.openqa.selenium.remote.http.W3CHttpResponseCodec.decode(W3CHttpResponseCodec.java:49)
at org.openqa.selenium.remote.HttpCommandExecutor.execute(HttpCommandExecutor.java:158)
at org.openqa.selenium.remote.service.DriverCommandExecutor.execute(DriverCommandExecutor.java:83)
at org.openqa.selenium.remote.RemoteWebDriver.execute(RemoteWebDriver.java:552)
at org.openqa.selenium.remote.RemoteWebDriver.findElement(RemoteWebDriver.java:323)
at org.openqa.selenium.remote.RemoteWebDriver.findElementByXPath(RemoteWebDriver.java:428)
at org.openqa.selenium.By$ByXPath.findElement(By.java:353)
at org.openqa.selenium.remote.RemoteWebDriver.findElement(RemoteWebDriver.java:315)
at org.openqa.selenium.support.ui.ExpectedConditions$7.apply(ExpectedConditions.java:205)
at org.openqa.selenium.support.ui.ExpectedConditions$7.apply(ExpectedConditions.java:201)
at org.openqa.selenium.support.ui.ExpectedConditions$22.apply(ExpectedConditions.java:641)
at org.openqa.selenium.support.ui.ExpectedConditions$22.apply(ExpectedConditions.java:638)
at org.openqa.selenium.support.ui.FluentWait.until(FluentWait.java:249)
... 28 more
... Removed 29 stack frames]]>
    </failure>
  </testcase> <!-- formulaBoton -->
  <testcase classname="com.timp.test.BRB.Formula" name="aplicar" time="0.0">
    <skipped/>
  </testcase> <!-- aplicar -->
</testsuite> <!-- Formula -->
>>>>>>> refs/remotes/origin/Kenssy
