<?xml version="1.0" encoding="UTF-8"?>
<!-- Generated by org.testng.reporters.JUnitXMLReporter -->
<testsuite ignored="0" hostname="DESKTOP-C57COV6" failures="1" tests="8" name="Siscoserv &gt; Registro RAS" time="3998.207" errors="0" timestamp="05 ago. 2021 12:44:51 GMT">
  <testcase classname="com.timp.test.MDR.Siscoserv.RegistroRAS.RegistroRASEditar" name="@BeforeClass beforeClass" time="61.912">
    <failure type="org.openqa.selenium.WebDriverException" message="chrome not reachable
Build info: version: &amp;apos;3.141.59&amp;apos;, revision: &amp;apos;e82be7d358&amp;apos;, time: &amp;apos;2018-11-14T08:17:03&amp;apos;
System info: host: &amp;apos;DESKTOP-C57COV6&amp;apos;, ip: &amp;apos;192.168.0.108&amp;apos;, os.name: &amp;apos;Windows 10&amp;apos;, os.arch: &amp;apos;amd64&amp;apos;, os.version: &amp;apos;10.0&amp;apos;, java.version: &amp;apos;15.0.2&amp;apos;
Driver info: driver.version: ChromeDriver
remote stacktrace: Backtrace:
	Ordinal0 [0x00A29563+2725219]
	Ordinal0 [0x00928551+1672529]
	Ordinal0 [0x00810202+524802]
	Ordinal0 [0x008098EA+497898]
	Ordinal0 [0x007A071A+67354]
	Ordinal0 [0x0079D32C+54060]
	Ordinal0 [0x007BCC37+183351]
	Ordinal0 [0x007BCA3D+182845]
	Ordinal0 [0x007BA94B+174411]
	Ordinal0 [0x007A2528+75048]
	Ordinal0 [0x007A35A0+79264]
	Ordinal0 [0x007A3539+79161]
	Ordinal0 [0x0093D607+1758727]
	GetHandleVerifier [0x00B46546+1050150]
	GetHandleVerifier [0x00B46291+1049457]
	GetHandleVerifier [0x00B510D7+1094071]
	GetHandleVerifier [0x00B46B46+1051686]
	Ordinal0 [0x00935B06+1727238]
	Ordinal0 [0x0093EB7B+1764219]
	Ordinal0 [0x0093ECE3+1764579]
	Ordinal0 [0x00954C05+1854469]
	BaseThreadInitThunk [0x75C1FA29+25]
	RtlGetAppContainerNamedObjectPath [0x76F07A7E+286]
	RtlGetAppContainerNamedObjectPath [0x76F07A4E+238]
">
      <![CDATA[org.openqa.selenium.WebDriverException: chrome not reachable
Build info: version: '3.141.59', revision: 'e82be7d358', time: '2018-11-14T08:17:03'
System info: host: 'DESKTOP-C57COV6', ip: '192.168.0.108', os.name: 'Windows 10', os.arch: 'amd64', os.version: '10.0', java.version: '15.0.2'
Driver info: driver.version: ChromeDriver
remote stacktrace: Backtrace:
Ordinal0 [0x00A29563+2725219]
Ordinal0 [0x00928551+1672529]
Ordinal0 [0x00810202+524802]
Ordinal0 [0x008098EA+497898]
Ordinal0 [0x007A071A+67354]
Ordinal0 [0x0079D32C+54060]
Ordinal0 [0x007BCC37+183351]
Ordinal0 [0x007BCA3D+182845]
Ordinal0 [0x007BA94B+174411]
Ordinal0 [0x007A2528+75048]
Ordinal0 [0x007A35A0+79264]
Ordinal0 [0x007A3539+79161]
Ordinal0 [0x0093D607+1758727]
GetHandleVerifier [0x00B46546+1050150]
GetHandleVerifier [0x00B46291+1049457]
GetHandleVerifier [0x00B510D7+1094071]
GetHandleVerifier [0x00B46B46+1051686]
Ordinal0 [0x00935B06+1727238]
Ordinal0 [0x0093EB7B+1764219]
Ordinal0 [0x0093ECE3+1764579]
Ordinal0 [0x00954C05+1854469]
BaseThreadInitThunk [0x75C1FA29+25]
RtlGetAppContainerNamedObjectPath [0x76F07A7E+286]
RtlGetAppContainerNamedObjectPath [0x76F07A4E+238]

at org.openqa.selenium.remote.W3CHandshakeResponse.lambda$errorHandler$0(W3CHandshakeResponse.java:62)
at org.openqa.selenium.remote.HandshakeResponse.lambda$getResponseFunction$0(HandshakeResponse.java:30)
at org.openqa.selenium.remote.ProtocolHandshake.lambda$createSession$0(ProtocolHandshake.java:126)
at java.base/java.util.stream.ReferencePipeline$3$1.accept(ReferencePipeline.java:195)
at java.base/java.util.Spliterators$ArraySpliterator.tryAdvance(Spliterators.java:958)
at java.base/java.util.stream.ReferencePipeline.forEachWithCancel(ReferencePipeline.java:127)
at java.base/java.util.stream.AbstractPipeline.copyIntoWithCancel(AbstractPipeline.java:502)
at java.base/java.util.stream.AbstractPipeline.copyInto(AbstractPipeline.java:488)
at java.base/java.util.stream.AbstractPipeline.wrapAndCopyInto(AbstractPipeline.java:474)
at java.base/java.util.stream.FindOps$FindOp.evaluateSequential(FindOps.java:150)
at java.base/java.util.stream.AbstractPipeline.evaluate(AbstractPipeline.java:234)
at java.base/java.util.stream.ReferencePipeline.findFirst(ReferencePipeline.java:543)
at org.openqa.selenium.remote.ProtocolHandshake.createSession(ProtocolHandshake.java:128)
at org.openqa.selenium.remote.ProtocolHandshake.createSession(ProtocolHandshake.java:74)
at org.openqa.selenium.remote.HttpCommandExecutor.execute(HttpCommandExecutor.java:136)
at org.openqa.selenium.remote.service.DriverCommandExecutor.execute(DriverCommandExecutor.java:83)
at org.openqa.selenium.remote.RemoteWebDriver.execute(RemoteWebDriver.java:552)
at org.openqa.selenium.remote.RemoteWebDriver.startSession(RemoteWebDriver.java:213)
at org.openqa.selenium.remote.RemoteWebDriver.<init>(RemoteWebDriver.java:131)
at org.openqa.selenium.chrome.ChromeDriver.<init>(ChromeDriver.java:181)
at org.openqa.selenium.chrome.ChromeDriver.<init>(ChromeDriver.java:168)
at org.openqa.selenium.chrome.ChromeDriver.<init>(ChromeDriver.java:157)
at com.sap.timp.base.TestBaseSteven.initialization(TestBaseSteven.java:103)
at com.timp.test.MDR.Siscoserv.RegistroRAS.RegistroRASEditar.beforeClass(RegistroRASEditar.java:22)
... Removed 31 stack frames]]>
    </failure>
  </testcase> <!-- @BeforeClass beforeClass -->
  <testcase classname="com.timp.test.MDR.Siscoserv.RegistroRAS.RegistroRASEditar" name="@AfterClass afterClass" time="0.0">
    <skipped/>
  </testcase> <!-- @AfterClass afterClass -->
  <testcase classname="com.timp.test.MDR.Siscoserv.RegistroRAS.RegistroRASDetalhes" name="@BeforeClass beforeClass" time="61.729">
    <failure type="org.openqa.selenium.WebDriverException" message="chrome not reachable
Build info: version: &amp;apos;3.141.59&amp;apos;, revision: &amp;apos;e82be7d358&amp;apos;, time: &amp;apos;2018-11-14T08:17:03&amp;apos;
System info: host: &amp;apos;DESKTOP-C57COV6&amp;apos;, ip: &amp;apos;192.168.0.108&amp;apos;, os.name: &amp;apos;Windows 10&amp;apos;, os.arch: &amp;apos;amd64&amp;apos;, os.version: &amp;apos;10.0&amp;apos;, java.version: &amp;apos;15.0.2&amp;apos;
Driver info: driver.version: ChromeDriver
remote stacktrace: Backtrace:
	Ordinal0 [0x00A29563+2725219]
	Ordinal0 [0x00928551+1672529]
	Ordinal0 [0x00810202+524802]
	Ordinal0 [0x008098EA+497898]
	Ordinal0 [0x007A071A+67354]
	Ordinal0 [0x0079D32C+54060]
	Ordinal0 [0x007BCC37+183351]
	Ordinal0 [0x007BCA3D+182845]
	Ordinal0 [0x007BA94B+174411]
	Ordinal0 [0x007A2528+75048]
	Ordinal0 [0x007A35A0+79264]
	Ordinal0 [0x007A3539+79161]
	Ordinal0 [0x0093D607+1758727]
	GetHandleVerifier [0x00B46546+1050150]
	GetHandleVerifier [0x00B46291+1049457]
	GetHandleVerifier [0x00B510D7+1094071]
	GetHandleVerifier [0x00B46B46+1051686]
	Ordinal0 [0x00935B06+1727238]
	Ordinal0 [0x0093EB7B+1764219]
	Ordinal0 [0x0093ECE3+1764579]
	Ordinal0 [0x00954C05+1854469]
	BaseThreadInitThunk [0x75C1FA29+25]
	RtlGetAppContainerNamedObjectPath [0x76F07A7E+286]
	RtlGetAppContainerNamedObjectPath [0x76F07A4E+238]
">
      <![CDATA[org.openqa.selenium.WebDriverException: chrome not reachable
Build info: version: '3.141.59', revision: 'e82be7d358', time: '2018-11-14T08:17:03'
System info: host: 'DESKTOP-C57COV6', ip: '192.168.0.108', os.name: 'Windows 10', os.arch: 'amd64', os.version: '10.0', java.version: '15.0.2'
Driver info: driver.version: ChromeDriver
remote stacktrace: Backtrace:
Ordinal0 [0x00A29563+2725219]
Ordinal0 [0x00928551+1672529]
Ordinal0 [0x00810202+524802]
Ordinal0 [0x008098EA+497898]
Ordinal0 [0x007A071A+67354]
Ordinal0 [0x0079D32C+54060]
Ordinal0 [0x007BCC37+183351]
Ordinal0 [0x007BCA3D+182845]
Ordinal0 [0x007BA94B+174411]
Ordinal0 [0x007A2528+75048]
Ordinal0 [0x007A35A0+79264]
Ordinal0 [0x007A3539+79161]
Ordinal0 [0x0093D607+1758727]
GetHandleVerifier [0x00B46546+1050150]
GetHandleVerifier [0x00B46291+1049457]
GetHandleVerifier [0x00B510D7+1094071]
GetHandleVerifier [0x00B46B46+1051686]
Ordinal0 [0x00935B06+1727238]
Ordinal0 [0x0093EB7B+1764219]
Ordinal0 [0x0093ECE3+1764579]
Ordinal0 [0x00954C05+1854469]
BaseThreadInitThunk [0x75C1FA29+25]
RtlGetAppContainerNamedObjectPath [0x76F07A7E+286]
RtlGetAppContainerNamedObjectPath [0x76F07A4E+238]

at org.openqa.selenium.remote.W3CHandshakeResponse.lambda$errorHandler$0(W3CHandshakeResponse.java:62)
at org.openqa.selenium.remote.HandshakeResponse.lambda$getResponseFunction$0(HandshakeResponse.java:30)
at org.openqa.selenium.remote.ProtocolHandshake.lambda$createSession$0(ProtocolHandshake.java:126)
at java.base/java.util.stream.ReferencePipeline$3$1.accept(ReferencePipeline.java:195)
at java.base/java.util.Spliterators$ArraySpliterator.tryAdvance(Spliterators.java:958)
at java.base/java.util.stream.ReferencePipeline.forEachWithCancel(ReferencePipeline.java:127)
at java.base/java.util.stream.AbstractPipeline.copyIntoWithCancel(AbstractPipeline.java:502)
at java.base/java.util.stream.AbstractPipeline.copyInto(AbstractPipeline.java:488)
at java.base/java.util.stream.AbstractPipeline.wrapAndCopyInto(AbstractPipeline.java:474)
at java.base/java.util.stream.FindOps$FindOp.evaluateSequential(FindOps.java:150)
at java.base/java.util.stream.AbstractPipeline.evaluate(AbstractPipeline.java:234)
at java.base/java.util.stream.ReferencePipeline.findFirst(ReferencePipeline.java:543)
at org.openqa.selenium.remote.ProtocolHandshake.createSession(ProtocolHandshake.java:128)
at org.openqa.selenium.remote.ProtocolHandshake.createSession(ProtocolHandshake.java:74)
at org.openqa.selenium.remote.HttpCommandExecutor.execute(HttpCommandExecutor.java:136)
at org.openqa.selenium.remote.service.DriverCommandExecutor.execute(DriverCommandExecutor.java:83)
at org.openqa.selenium.remote.RemoteWebDriver.execute(RemoteWebDriver.java:552)
at org.openqa.selenium.remote.RemoteWebDriver.startSession(RemoteWebDriver.java:213)
at org.openqa.selenium.remote.RemoteWebDriver.<init>(RemoteWebDriver.java:131)
at org.openqa.selenium.chrome.ChromeDriver.<init>(ChromeDriver.java:181)
at org.openqa.selenium.chrome.ChromeDriver.<init>(ChromeDriver.java:168)
at org.openqa.selenium.chrome.ChromeDriver.<init>(ChromeDriver.java:157)
at com.sap.timp.base.TestBaseSteven.initialization(TestBaseSteven.java:103)
at com.timp.test.MDR.Siscoserv.RegistroRAS.RegistroRASDetalhes.beforeClass(RegistroRASDetalhes.java:25)
... Removed 31 stack frames]]>
    </failure>
  </testcase> <!-- @BeforeClass beforeClass -->
  <testcase classname="com.timp.test.MDR.Siscoserv.RegistroRAS.RegistroRASDetalhes" name="@AfterClass afterClass" time="0.0">
    <skipped/>
  </testcase> <!-- @AfterClass afterClass -->
  <testcase classname="com.timp.test.MDR.Siscoserv.RegistroRAS.RegistroRASVisualizar" name="@BeforeClass beforeClass" time="61.647">
    <failure type="org.openqa.selenium.WebDriverException" message="chrome not reachable
Build info: version: &amp;apos;3.141.59&amp;apos;, revision: &amp;apos;e82be7d358&amp;apos;, time: &amp;apos;2018-11-14T08:17:03&amp;apos;
System info: host: &amp;apos;DESKTOP-C57COV6&amp;apos;, ip: &amp;apos;192.168.0.108&amp;apos;, os.name: &amp;apos;Windows 10&amp;apos;, os.arch: &amp;apos;amd64&amp;apos;, os.version: &amp;apos;10.0&amp;apos;, java.version: &amp;apos;15.0.2&amp;apos;
Driver info: driver.version: ChromeDriver
remote stacktrace: Backtrace:
	Ordinal0 [0x00A29563+2725219]
	Ordinal0 [0x00928551+1672529]
	Ordinal0 [0x00810202+524802]
	Ordinal0 [0x008098EA+497898]
	Ordinal0 [0x007A071A+67354]
	Ordinal0 [0x0079D32C+54060]
	Ordinal0 [0x007BCC37+183351]
	Ordinal0 [0x007BCA3D+182845]
	Ordinal0 [0x007BA94B+174411]
	Ordinal0 [0x007A2528+75048]
	Ordinal0 [0x007A35A0+79264]
	Ordinal0 [0x007A3539+79161]
	Ordinal0 [0x0093D607+1758727]
	GetHandleVerifier [0x00B46546+1050150]
	GetHandleVerifier [0x00B46291+1049457]
	GetHandleVerifier [0x00B510D7+1094071]
	GetHandleVerifier [0x00B46B46+1051686]
	Ordinal0 [0x00935B06+1727238]
	Ordinal0 [0x0093EB7B+1764219]
	Ordinal0 [0x0093ECE3+1764579]
	Ordinal0 [0x00954C05+1854469]
	BaseThreadInitThunk [0x75C1FA29+25]
	RtlGetAppContainerNamedObjectPath [0x76F07A7E+286]
	RtlGetAppContainerNamedObjectPath [0x76F07A4E+238]
">
      <![CDATA[org.openqa.selenium.WebDriverException: chrome not reachable
Build info: version: '3.141.59', revision: 'e82be7d358', time: '2018-11-14T08:17:03'
System info: host: 'DESKTOP-C57COV6', ip: '192.168.0.108', os.name: 'Windows 10', os.arch: 'amd64', os.version: '10.0', java.version: '15.0.2'
Driver info: driver.version: ChromeDriver
remote stacktrace: Backtrace:
Ordinal0 [0x00A29563+2725219]
Ordinal0 [0x00928551+1672529]
Ordinal0 [0x00810202+524802]
Ordinal0 [0x008098EA+497898]
Ordinal0 [0x007A071A+67354]
Ordinal0 [0x0079D32C+54060]
Ordinal0 [0x007BCC37+183351]
Ordinal0 [0x007BCA3D+182845]
Ordinal0 [0x007BA94B+174411]
Ordinal0 [0x007A2528+75048]
Ordinal0 [0x007A35A0+79264]
Ordinal0 [0x007A3539+79161]
Ordinal0 [0x0093D607+1758727]
GetHandleVerifier [0x00B46546+1050150]
GetHandleVerifier [0x00B46291+1049457]
GetHandleVerifier [0x00B510D7+1094071]
GetHandleVerifier [0x00B46B46+1051686]
Ordinal0 [0x00935B06+1727238]
Ordinal0 [0x0093EB7B+1764219]
Ordinal0 [0x0093ECE3+1764579]
Ordinal0 [0x00954C05+1854469]
BaseThreadInitThunk [0x75C1FA29+25]
RtlGetAppContainerNamedObjectPath [0x76F07A7E+286]
RtlGetAppContainerNamedObjectPath [0x76F07A4E+238]

at org.openqa.selenium.remote.W3CHandshakeResponse.lambda$errorHandler$0(W3CHandshakeResponse.java:62)
at org.openqa.selenium.remote.HandshakeResponse.lambda$getResponseFunction$0(HandshakeResponse.java:30)
at org.openqa.selenium.remote.ProtocolHandshake.lambda$createSession$0(ProtocolHandshake.java:126)
at java.base/java.util.stream.ReferencePipeline$3$1.accept(ReferencePipeline.java:195)
at java.base/java.util.Spliterators$ArraySpliterator.tryAdvance(Spliterators.java:958)
at java.base/java.util.stream.ReferencePipeline.forEachWithCancel(ReferencePipeline.java:127)
at java.base/java.util.stream.AbstractPipeline.copyIntoWithCancel(AbstractPipeline.java:502)
at java.base/java.util.stream.AbstractPipeline.copyInto(AbstractPipeline.java:488)
at java.base/java.util.stream.AbstractPipeline.wrapAndCopyInto(AbstractPipeline.java:474)
at java.base/java.util.stream.FindOps$FindOp.evaluateSequential(FindOps.java:150)
at java.base/java.util.stream.AbstractPipeline.evaluate(AbstractPipeline.java:234)
at java.base/java.util.stream.ReferencePipeline.findFirst(ReferencePipeline.java:543)
at org.openqa.selenium.remote.ProtocolHandshake.createSession(ProtocolHandshake.java:128)
at org.openqa.selenium.remote.ProtocolHandshake.createSession(ProtocolHandshake.java:74)
at org.openqa.selenium.remote.HttpCommandExecutor.execute(HttpCommandExecutor.java:136)
at org.openqa.selenium.remote.service.DriverCommandExecutor.execute(DriverCommandExecutor.java:83)
at org.openqa.selenium.remote.RemoteWebDriver.execute(RemoteWebDriver.java:552)
at org.openqa.selenium.remote.RemoteWebDriver.startSession(RemoteWebDriver.java:213)
at org.openqa.selenium.remote.RemoteWebDriver.<init>(RemoteWebDriver.java:131)
at org.openqa.selenium.chrome.ChromeDriver.<init>(ChromeDriver.java:181)
at org.openqa.selenium.chrome.ChromeDriver.<init>(ChromeDriver.java:168)
at org.openqa.selenium.chrome.ChromeDriver.<init>(ChromeDriver.java:157)
at com.sap.timp.base.TestBaseSteven.initialization(TestBaseSteven.java:103)
at com.timp.test.MDR.Siscoserv.RegistroRAS.RegistroRASVisualizar.beforeClass(RegistroRASVisualizar.java:25)
... Removed 31 stack frames]]>
    </failure>
  </testcase> <!-- @BeforeClass beforeClass -->
  <testcase classname="com.timp.test.MDR.Siscoserv.RegistroRAS.RegistroRASVisualizar" name="@AfterClass afterClass" time="0.0">
    <skipped/>
  </testcase> <!-- @AfterClass afterClass -->
  <testcase classname="com.timp.test.MDR.Siscoserv.RegistroRAS.RegistroRASExcluir" name="@BeforeClass beforeClass" time="72.83">
    <failure type="org.openqa.selenium.WebDriverException" message="chrome not reachable
Build info: version: &amp;apos;3.141.59&amp;apos;, revision: &amp;apos;e82be7d358&amp;apos;, time: &amp;apos;2018-11-14T08:17:03&amp;apos;
System info: host: &amp;apos;DESKTOP-C57COV6&amp;apos;, ip: &amp;apos;192.168.0.108&amp;apos;, os.name: &amp;apos;Windows 10&amp;apos;, os.arch: &amp;apos;amd64&amp;apos;, os.version: &amp;apos;10.0&amp;apos;, java.version: &amp;apos;15.0.2&amp;apos;
Driver info: driver.version: ChromeDriver
remote stacktrace: Backtrace:
	Ordinal0 [0x00A29563+2725219]
	Ordinal0 [0x00928551+1672529]
	Ordinal0 [0x00810202+524802]
	Ordinal0 [0x008098EA+497898]
	Ordinal0 [0x007A071A+67354]
	Ordinal0 [0x0079D32C+54060]
	Ordinal0 [0x007BCC37+183351]
	Ordinal0 [0x007BCA3D+182845]
	Ordinal0 [0x007BA94B+174411]
	Ordinal0 [0x007A2528+75048]
	Ordinal0 [0x007A35A0+79264]
	Ordinal0 [0x007A3539+79161]
	Ordinal0 [0x0093D607+1758727]
	GetHandleVerifier [0x00B46546+1050150]
	GetHandleVerifier [0x00B46291+1049457]
	GetHandleVerifier [0x00B510D7+1094071]
	GetHandleVerifier [0x00B46B46+1051686]
	Ordinal0 [0x00935B06+1727238]
	Ordinal0 [0x0093EB7B+1764219]
	Ordinal0 [0x0093ECE3+1764579]
	Ordinal0 [0x00954C05+1854469]
	BaseThreadInitThunk [0x75C1FA29+25]
	RtlGetAppContainerNamedObjectPath [0x76F07A7E+286]
	RtlGetAppContainerNamedObjectPath [0x76F07A4E+238]
">
      <![CDATA[org.openqa.selenium.WebDriverException: chrome not reachable
Build info: version: '3.141.59', revision: 'e82be7d358', time: '2018-11-14T08:17:03'
System info: host: 'DESKTOP-C57COV6', ip: '192.168.0.108', os.name: 'Windows 10', os.arch: 'amd64', os.version: '10.0', java.version: '15.0.2'
Driver info: driver.version: ChromeDriver
remote stacktrace: Backtrace:
Ordinal0 [0x00A29563+2725219]
Ordinal0 [0x00928551+1672529]
Ordinal0 [0x00810202+524802]
Ordinal0 [0x008098EA+497898]
Ordinal0 [0x007A071A+67354]
Ordinal0 [0x0079D32C+54060]
Ordinal0 [0x007BCC37+183351]
Ordinal0 [0x007BCA3D+182845]
Ordinal0 [0x007BA94B+174411]
Ordinal0 [0x007A2528+75048]
Ordinal0 [0x007A35A0+79264]
Ordinal0 [0x007A3539+79161]
Ordinal0 [0x0093D607+1758727]
GetHandleVerifier [0x00B46546+1050150]
GetHandleVerifier [0x00B46291+1049457]
GetHandleVerifier [0x00B510D7+1094071]
GetHandleVerifier [0x00B46B46+1051686]
Ordinal0 [0x00935B06+1727238]
Ordinal0 [0x0093EB7B+1764219]
Ordinal0 [0x0093ECE3+1764579]
Ordinal0 [0x00954C05+1854469]
BaseThreadInitThunk [0x75C1FA29+25]
RtlGetAppContainerNamedObjectPath [0x76F07A7E+286]
RtlGetAppContainerNamedObjectPath [0x76F07A4E+238]

at org.openqa.selenium.remote.W3CHandshakeResponse.lambda$errorHandler$0(W3CHandshakeResponse.java:62)
at org.openqa.selenium.remote.HandshakeResponse.lambda$getResponseFunction$0(HandshakeResponse.java:30)
at org.openqa.selenium.remote.ProtocolHandshake.lambda$createSession$0(ProtocolHandshake.java:126)
at java.base/java.util.stream.ReferencePipeline$3$1.accept(ReferencePipeline.java:195)
at java.base/java.util.Spliterators$ArraySpliterator.tryAdvance(Spliterators.java:958)
at java.base/java.util.stream.ReferencePipeline.forEachWithCancel(ReferencePipeline.java:127)
at java.base/java.util.stream.AbstractPipeline.copyIntoWithCancel(AbstractPipeline.java:502)
at java.base/java.util.stream.AbstractPipeline.copyInto(AbstractPipeline.java:488)
at java.base/java.util.stream.AbstractPipeline.wrapAndCopyInto(AbstractPipeline.java:474)
at java.base/java.util.stream.FindOps$FindOp.evaluateSequential(FindOps.java:150)
at java.base/java.util.stream.AbstractPipeline.evaluate(AbstractPipeline.java:234)
at java.base/java.util.stream.ReferencePipeline.findFirst(ReferencePipeline.java:543)
at org.openqa.selenium.remote.ProtocolHandshake.createSession(ProtocolHandshake.java:128)
at org.openqa.selenium.remote.ProtocolHandshake.createSession(ProtocolHandshake.java:74)
at org.openqa.selenium.remote.HttpCommandExecutor.execute(HttpCommandExecutor.java:136)
at org.openqa.selenium.remote.service.DriverCommandExecutor.execute(DriverCommandExecutor.java:83)
at org.openqa.selenium.remote.RemoteWebDriver.execute(RemoteWebDriver.java:552)
at org.openqa.selenium.remote.RemoteWebDriver.startSession(RemoteWebDriver.java:213)
at org.openqa.selenium.remote.RemoteWebDriver.<init>(RemoteWebDriver.java:131)
at org.openqa.selenium.chrome.ChromeDriver.<init>(ChromeDriver.java:181)
at org.openqa.selenium.chrome.ChromeDriver.<init>(ChromeDriver.java:168)
at org.openqa.selenium.chrome.ChromeDriver.<init>(ChromeDriver.java:157)
at com.sap.timp.base.TestBaseSteven.initialization(TestBaseSteven.java:103)
at com.timp.test.MDR.Siscoserv.RegistroRAS.RegistroRASExcluir.beforeClass(RegistroRASExcluir.java:24)
... Removed 31 stack frames]]>
    </failure>
  </testcase> <!-- @BeforeClass beforeClass -->
  <testcase classname="com.timp.test.MDR.Siscoserv.RegistroRAS.RegistroRASExcluir" name="@AfterClass afterClass" time="0.0">
    <skipped/>
  </testcase> <!-- @AfterClass afterClass -->
  <testcase classname="com.timp.test.MDR.Siscoserv.RegistroRAS.RegistroRASFiltroID" name="@BeforeClass beforeClass" time="61.721">
    <failure type="org.openqa.selenium.WebDriverException" message="chrome not reachable
Build info: version: &amp;apos;3.141.59&amp;apos;, revision: &amp;apos;e82be7d358&amp;apos;, time: &amp;apos;2018-11-14T08:17:03&amp;apos;
System info: host: &amp;apos;DESKTOP-C57COV6&amp;apos;, ip: &amp;apos;192.168.0.108&amp;apos;, os.name: &amp;apos;Windows 10&amp;apos;, os.arch: &amp;apos;amd64&amp;apos;, os.version: &amp;apos;10.0&amp;apos;, java.version: &amp;apos;15.0.2&amp;apos;
Driver info: driver.version: ChromeDriver
remote stacktrace: Backtrace:
	Ordinal0 [0x00A29563+2725219]
	Ordinal0 [0x00928551+1672529]
	Ordinal0 [0x00810202+524802]
	Ordinal0 [0x008098EA+497898]
	Ordinal0 [0x007A071A+67354]
	Ordinal0 [0x0079D32C+54060]
	Ordinal0 [0x007BCC37+183351]
	Ordinal0 [0x007BCA3D+182845]
	Ordinal0 [0x007BA94B+174411]
	Ordinal0 [0x007A2528+75048]
	Ordinal0 [0x007A35A0+79264]
	Ordinal0 [0x007A3539+79161]
	Ordinal0 [0x0093D607+1758727]
	GetHandleVerifier [0x00B46546+1050150]
	GetHandleVerifier [0x00B46291+1049457]
	GetHandleVerifier [0x00B510D7+1094071]
	GetHandleVerifier [0x00B46B46+1051686]
	Ordinal0 [0x00935B06+1727238]
	Ordinal0 [0x0093EB7B+1764219]
	Ordinal0 [0x0093ECE3+1764579]
	Ordinal0 [0x00954C05+1854469]
	BaseThreadInitThunk [0x75C1FA29+25]
	RtlGetAppContainerNamedObjectPath [0x76F07A7E+286]
	RtlGetAppContainerNamedObjectPath [0x76F07A4E+238]
">
      <![CDATA[org.openqa.selenium.WebDriverException: chrome not reachable
Build info: version: '3.141.59', revision: 'e82be7d358', time: '2018-11-14T08:17:03'
System info: host: 'DESKTOP-C57COV6', ip: '192.168.0.108', os.name: 'Windows 10', os.arch: 'amd64', os.version: '10.0', java.version: '15.0.2'
Driver info: driver.version: ChromeDriver
remote stacktrace: Backtrace:
Ordinal0 [0x00A29563+2725219]
Ordinal0 [0x00928551+1672529]
Ordinal0 [0x00810202+524802]
Ordinal0 [0x008098EA+497898]
Ordinal0 [0x007A071A+67354]
Ordinal0 [0x0079D32C+54060]
Ordinal0 [0x007BCC37+183351]
Ordinal0 [0x007BCA3D+182845]
Ordinal0 [0x007BA94B+174411]
Ordinal0 [0x007A2528+75048]
Ordinal0 [0x007A35A0+79264]
Ordinal0 [0x007A3539+79161]
Ordinal0 [0x0093D607+1758727]
GetHandleVerifier [0x00B46546+1050150]
GetHandleVerifier [0x00B46291+1049457]
GetHandleVerifier [0x00B510D7+1094071]
GetHandleVerifier [0x00B46B46+1051686]
Ordinal0 [0x00935B06+1727238]
Ordinal0 [0x0093EB7B+1764219]
Ordinal0 [0x0093ECE3+1764579]
Ordinal0 [0x00954C05+1854469]
BaseThreadInitThunk [0x75C1FA29+25]
RtlGetAppContainerNamedObjectPath [0x76F07A7E+286]
RtlGetAppContainerNamedObjectPath [0x76F07A4E+238]

at org.openqa.selenium.remote.W3CHandshakeResponse.lambda$errorHandler$0(W3CHandshakeResponse.java:62)
at org.openqa.selenium.remote.HandshakeResponse.lambda$getResponseFunction$0(HandshakeResponse.java:30)
at org.openqa.selenium.remote.ProtocolHandshake.lambda$createSession$0(ProtocolHandshake.java:126)
at java.base/java.util.stream.ReferencePipeline$3$1.accept(ReferencePipeline.java:195)
at java.base/java.util.Spliterators$ArraySpliterator.tryAdvance(Spliterators.java:958)
at java.base/java.util.stream.ReferencePipeline.forEachWithCancel(ReferencePipeline.java:127)
at java.base/java.util.stream.AbstractPipeline.copyIntoWithCancel(AbstractPipeline.java:502)
at java.base/java.util.stream.AbstractPipeline.copyInto(AbstractPipeline.java:488)
at java.base/java.util.stream.AbstractPipeline.wrapAndCopyInto(AbstractPipeline.java:474)
at java.base/java.util.stream.FindOps$FindOp.evaluateSequential(FindOps.java:150)
at java.base/java.util.stream.AbstractPipeline.evaluate(AbstractPipeline.java:234)
at java.base/java.util.stream.ReferencePipeline.findFirst(ReferencePipeline.java:543)
at org.openqa.selenium.remote.ProtocolHandshake.createSession(ProtocolHandshake.java:128)
at org.openqa.selenium.remote.ProtocolHandshake.createSession(ProtocolHandshake.java:74)
at org.openqa.selenium.remote.HttpCommandExecutor.execute(HttpCommandExecutor.java:136)
at org.openqa.selenium.remote.service.DriverCommandExecutor.execute(DriverCommandExecutor.java:83)
at org.openqa.selenium.remote.RemoteWebDriver.execute(RemoteWebDriver.java:552)
at org.openqa.selenium.remote.RemoteWebDriver.startSession(RemoteWebDriver.java:213)
at org.openqa.selenium.remote.RemoteWebDriver.<init>(RemoteWebDriver.java:131)
at org.openqa.selenium.chrome.ChromeDriver.<init>(ChromeDriver.java:181)
at org.openqa.selenium.chrome.ChromeDriver.<init>(ChromeDriver.java:168)
at org.openqa.selenium.chrome.ChromeDriver.<init>(ChromeDriver.java:157)
at com.sap.timp.base.TestBaseSteven.initialization(TestBaseSteven.java:103)
at com.timp.test.MDR.Siscoserv.RegistroRAS.RegistroRASFiltroID.beforeClass(RegistroRASFiltroID.java:23)
... Removed 31 stack frames]]>
    </failure>
  </testcase> <!-- @BeforeClass beforeClass -->
  <testcase classname="com.timp.test.MDR.Siscoserv.RegistroRAS.RegistroRASFiltroID" name="@AfterClass afterClass" time="0.0">
    <skipped/>
  </testcase> <!-- @AfterClass afterClass -->
  <testcase classname="com.timp.test.MDR.Siscoserv.RegistroRAS.RegistroRASExcluirEmMassa" name="@BeforeClass beforeClass" time="61.938">
    <failure type="org.openqa.selenium.WebDriverException" message="chrome not reachable
Build info: version: &amp;apos;3.141.59&amp;apos;, revision: &amp;apos;e82be7d358&amp;apos;, time: &amp;apos;2018-11-14T08:17:03&amp;apos;
System info: host: &amp;apos;DESKTOP-C57COV6&amp;apos;, ip: &amp;apos;192.168.0.108&amp;apos;, os.name: &amp;apos;Windows 10&amp;apos;, os.arch: &amp;apos;amd64&amp;apos;, os.version: &amp;apos;10.0&amp;apos;, java.version: &amp;apos;15.0.2&amp;apos;
Driver info: driver.version: ChromeDriver
remote stacktrace: Backtrace:
	Ordinal0 [0x00A29563+2725219]
	Ordinal0 [0x00928551+1672529]
	Ordinal0 [0x00810202+524802]
	Ordinal0 [0x008098EA+497898]
	Ordinal0 [0x007A071A+67354]
	Ordinal0 [0x0079D32C+54060]
	Ordinal0 [0x007BCC37+183351]
	Ordinal0 [0x007BCA3D+182845]
	Ordinal0 [0x007BA94B+174411]
	Ordinal0 [0x007A2528+75048]
	Ordinal0 [0x007A35A0+79264]
	Ordinal0 [0x007A3539+79161]
	Ordinal0 [0x0093D607+1758727]
	GetHandleVerifier [0x00B46546+1050150]
	GetHandleVerifier [0x00B46291+1049457]
	GetHandleVerifier [0x00B510D7+1094071]
	GetHandleVerifier [0x00B46B46+1051686]
	Ordinal0 [0x00935B06+1727238]
	Ordinal0 [0x0093EB7B+1764219]
	Ordinal0 [0x0093ECE3+1764579]
	Ordinal0 [0x00954C05+1854469]
	BaseThreadInitThunk [0x75C1FA29+25]
	RtlGetAppContainerNamedObjectPath [0x76F07A7E+286]
	RtlGetAppContainerNamedObjectPath [0x76F07A4E+238]
">
      <![CDATA[org.openqa.selenium.WebDriverException: chrome not reachable
Build info: version: '3.141.59', revision: 'e82be7d358', time: '2018-11-14T08:17:03'
System info: host: 'DESKTOP-C57COV6', ip: '192.168.0.108', os.name: 'Windows 10', os.arch: 'amd64', os.version: '10.0', java.version: '15.0.2'
Driver info: driver.version: ChromeDriver
remote stacktrace: Backtrace:
Ordinal0 [0x00A29563+2725219]
Ordinal0 [0x00928551+1672529]
Ordinal0 [0x00810202+524802]
Ordinal0 [0x008098EA+497898]
Ordinal0 [0x007A071A+67354]
Ordinal0 [0x0079D32C+54060]
Ordinal0 [0x007BCC37+183351]
Ordinal0 [0x007BCA3D+182845]
Ordinal0 [0x007BA94B+174411]
Ordinal0 [0x007A2528+75048]
Ordinal0 [0x007A35A0+79264]
Ordinal0 [0x007A3539+79161]
Ordinal0 [0x0093D607+1758727]
GetHandleVerifier [0x00B46546+1050150]
GetHandleVerifier [0x00B46291+1049457]
GetHandleVerifier [0x00B510D7+1094071]
GetHandleVerifier [0x00B46B46+1051686]
Ordinal0 [0x00935B06+1727238]
Ordinal0 [0x0093EB7B+1764219]
Ordinal0 [0x0093ECE3+1764579]
Ordinal0 [0x00954C05+1854469]
BaseThreadInitThunk [0x75C1FA29+25]
RtlGetAppContainerNamedObjectPath [0x76F07A7E+286]
RtlGetAppContainerNamedObjectPath [0x76F07A4E+238]

at org.openqa.selenium.remote.W3CHandshakeResponse.lambda$errorHandler$0(W3CHandshakeResponse.java:62)
at org.openqa.selenium.remote.HandshakeResponse.lambda$getResponseFunction$0(HandshakeResponse.java:30)
at org.openqa.selenium.remote.ProtocolHandshake.lambda$createSession$0(ProtocolHandshake.java:126)
at java.base/java.util.stream.ReferencePipeline$3$1.accept(ReferencePipeline.java:195)
at java.base/java.util.Spliterators$ArraySpliterator.tryAdvance(Spliterators.java:958)
at java.base/java.util.stream.ReferencePipeline.forEachWithCancel(ReferencePipeline.java:127)
at java.base/java.util.stream.AbstractPipeline.copyIntoWithCancel(AbstractPipeline.java:502)
at java.base/java.util.stream.AbstractPipeline.copyInto(AbstractPipeline.java:488)
at java.base/java.util.stream.AbstractPipeline.wrapAndCopyInto(AbstractPipeline.java:474)
at java.base/java.util.stream.FindOps$FindOp.evaluateSequential(FindOps.java:150)
at java.base/java.util.stream.AbstractPipeline.evaluate(AbstractPipeline.java:234)
at java.base/java.util.stream.ReferencePipeline.findFirst(ReferencePipeline.java:543)
at org.openqa.selenium.remote.ProtocolHandshake.createSession(ProtocolHandshake.java:128)
at org.openqa.selenium.remote.ProtocolHandshake.createSession(ProtocolHandshake.java:74)
at org.openqa.selenium.remote.HttpCommandExecutor.execute(HttpCommandExecutor.java:136)
at org.openqa.selenium.remote.service.DriverCommandExecutor.execute(DriverCommandExecutor.java:83)
at org.openqa.selenium.remote.RemoteWebDriver.execute(RemoteWebDriver.java:552)
at org.openqa.selenium.remote.RemoteWebDriver.startSession(RemoteWebDriver.java:213)
at org.openqa.selenium.remote.RemoteWebDriver.<init>(RemoteWebDriver.java:131)
at org.openqa.selenium.chrome.ChromeDriver.<init>(ChromeDriver.java:181)
at org.openqa.selenium.chrome.ChromeDriver.<init>(ChromeDriver.java:168)
at org.openqa.selenium.chrome.ChromeDriver.<init>(ChromeDriver.java:157)
at com.sap.timp.base.TestBaseSteven.initialization(TestBaseSteven.java:103)
at com.timp.test.MDR.Siscoserv.RegistroRAS.RegistroRASExcluirEmMassa.beforeClass(RegistroRASExcluirEmMassa.java:25)
... Removed 31 stack frames]]>
    </failure>
  </testcase> <!-- @BeforeClass beforeClass -->
  <testcase classname="com.timp.test.MDR.Siscoserv.RegistroRAS.RegistroRASExcluirEmMassa" name="@AfterClass afterClass" time="0.0">
    <skipped/>
  </testcase> <!-- @AfterClass afterClass -->
  <testcase classname="com.timp.test.MDR.Siscoserv.RegistroRAS.RegistroRASCriar" name="criar" time="3600.07">
    <failure type="org.openqa.selenium.TimeoutException" message="Expected condition failed: waiting for element to be clickable: Proxy element for: DefaultElementLocator &amp;apos;By.xpath: //*[@id=&amp;quot;login-btn&amp;quot;]&amp;apos; (tried for 3600 second(s) with 500 milliseconds interval)">
      <![CDATA[org.openqa.selenium.TimeoutException: Expected condition failed: waiting for element to be clickable: Proxy element for: DefaultElementLocator 'By.xpath: //*[@id="login-btn"]' (tried for 3600 second(s) with 500 milliseconds interval)
at org.openqa.selenium.support.ui.WebDriverWait.timeoutException(WebDriverWait.java:95)
at org.openqa.selenium.support.ui.FluentWait.until(FluentWait.java:272)
at com.sap.timp.base.TestBaseSteven.waitExpectElement(TestBaseSteven.java:280)
at com.sap.timp.pageObjectModel.ADM.LoginTC.login(LoginTC.java:31)
at com.timp.test.MDR.Siscoserv.RegistroRAS.RegistroRASCriar.criar(RegistroRASCriar.java:38)
Caused by: org.openqa.selenium.NoSuchElementException: no such element: Unable to locate element: {"method":"xpath","selector":"//*[@id="login-btn"]"}
  (Session info: chrome=83.0.4103.106)
For documentation on this error, please visit: https://www.seleniumhq.org/exceptions/no_such_element.html
Build info: version: '3.141.59', revision: 'e82be7d358', time: '2018-11-14T08:17:03'
System info: host: 'DESKTOP-C57COV6', ip: '192.168.0.108', os.name: 'Windows 10', os.arch: 'amd64', os.version: '10.0', java.version: '15.0.2'
Driver info: org.openqa.selenium.chrome.ChromeDriver
Capabilities {acceptInsecureCerts: false, browserName: chrome, browserVersion: 83.0.4103.106, chrome: {chromedriverVersion: 83.0.4103.39 (ccbf011cb2d2b..., userDataDir: C:\Users\AGILES~1\AppData\L...}, goog:chromeOptions: {debuggerAddress: localhost:63485}, javascriptEnabled: true, networkConnectionEnabled: false, pageLoadStrategy: normal, platform: WINDOWS, platformName: WINDOWS, proxy: Proxy(), setWindowRect: true, strictFileInteractability: false, timeouts: {implicit: 0, pageLoad: 300000, script: 30000}, unhandledPromptBehavior: dismiss and notify, webauthn:virtualAuthenticators: true}
Session ID: ae4a04e838a9448f92eeba57ec39f9cf
*** Element info: {Using=xpath, value=//*[@id="login-btn"]}
at org.openqa.selenium.remote.http.W3CHttpResponseCodec.createException(W3CHttpResponseCodec.java:187)
at org.openqa.selenium.remote.http.W3CHttpResponseCodec.decode(W3CHttpResponseCodec.java:122)
at org.openqa.selenium.remote.http.W3CHttpResponseCodec.decode(W3CHttpResponseCodec.java:49)
at org.openqa.selenium.remote.HttpCommandExecutor.execute(HttpCommandExecutor.java:158)
at org.openqa.selenium.remote.service.DriverCommandExecutor.execute(DriverCommandExecutor.java:83)
at org.openqa.selenium.remote.RemoteWebDriver.execute(RemoteWebDriver.java:552)
at org.openqa.selenium.remote.RemoteWebDriver.findElement(RemoteWebDriver.java:323)
at org.openqa.selenium.remote.RemoteWebDriver.findElementByXPath(RemoteWebDriver.java:428)
at org.openqa.selenium.By$ByXPath.findElement(By.java:353)
at org.openqa.selenium.remote.RemoteWebDriver.findElement(RemoteWebDriver.java:315)
at org.openqa.selenium.support.pagefactory.DefaultElementLocator.findElement(DefaultElementLocator.java:69)
at org.openqa.selenium.support.pagefactory.internal.LocatingElementHandler.invoke(LocatingElementHandler.java:38)
at com.sun.proxy.$Proxy12.isDisplayed(Unknown Source)
at org.openqa.selenium.support.ui.ExpectedConditions.elementIfVisible(ExpectedConditions.java:314)
at org.openqa.selenium.support.ui.ExpectedConditions.access$000(ExpectedConditions.java:43)
at org.openqa.selenium.support.ui.ExpectedConditions$10.apply(ExpectedConditions.java:300)
at org.openqa.selenium.support.ui.ExpectedConditions$10.apply(ExpectedConditions.java:297)
at org.openqa.selenium.support.ui.ExpectedConditions$23.apply(ExpectedConditions.java:670)
at org.openqa.selenium.support.ui.ExpectedConditions$23.apply(ExpectedConditions.java:666)
at org.openqa.selenium.support.ui.FluentWait.until(FluentWait.java:249)
... 28 more
... Removed 29 stack frames]]>
    </failure>
  </testcase> <!-- criar -->
  <testcase classname="com.timp.test.MDR.Siscoserv.RegistroRAS.RegistroRASEditar" name="editar" time="0.0">
    <skipped/>
  </testcase> <!-- editar -->
  <testcase classname="com.timp.test.MDR.Siscoserv.RegistroRAS.RegistroRASDetalhes" name="detalhes" time="0.0">
    <skipped/>
  </testcase> <!-- detalhes -->
  <testcase classname="com.timp.test.MDR.Siscoserv.RegistroRAS.RegistroRASVisualizar" name="Visualizar" time="0.0">
    <skipped/>
  </testcase> <!-- Visualizar -->
  <testcase classname="com.timp.test.MDR.Siscoserv.RegistroRAS.RegistroRASExcluir" name="excluir" time="0.0">
    <skipped/>
  </testcase> <!-- excluir -->
  <testcase classname="com.timp.test.MDR.Siscoserv.RegistroRAS.RegistroRASFiltroID" name="filtroId" time="0.0">
    <skipped/>
  </testcase> <!-- filtroId -->
  <testcase classname="com.timp.test.MDR.Siscoserv.RegistroRAS.RegistroRASExcluirEmMassa" name="criar" time="0.0">
    <skipped/>
  </testcase> <!-- criar -->
  <testcase classname="com.timp.test.MDR.Siscoserv.RegistroRAS.RegistroRASExcluirEmMassa" name="excluir" time="0.0">
    <skipped/>
  </testcase> <!-- excluir -->
</testsuite> <!-- Siscoserv > Registro RAS -->
