<?xml version="1.0" encoding="UTF-8"?>
<!-- Generated by org.testng.reporters.JUnitXMLReporter -->
<<<<<<< HEAD
<<<<<<< HEAD
<testsuite ignored="0" hostname="DESKTOP-M23FVFN" failures="0" tests="2" name="Tabela de Apoio do SPED &gt; 4.3.5 Tabela Código de Contribuição Social Apurada" time="186.408" errors="0" timestamp="30 nov. 2021 06:24:37 GMT">
  <testcase classname="com.timp.test.MDR.TabelasApoioSped.TabelaCodigoDeContribucaoSocialApurada.TabelaCodigoDeContribucaoSocialApuradaExcluirEmMassa" name="criar" time="125.66"/>
  <testcase classname="com.timp.test.MDR.TabelasApoioSped.TabelaCodigoDeContribucaoSocialApurada.TabelaCodigoDeContribucaoSocialApuradaExcluirEmMassa" name="excluirEmMassa" time="38.123"/>
=======
<<<<<<< HEAD
<testsuite ignored="0" hostname="DESKTOP-C57COV6" failures="0" tests="2" name="Tabela de Apoio do SPED &gt; 4.3.5 Tabela Código de Contribuição Social Apurada" time="266.832" errors="0" timestamp="26 nov. 2021 17:41:10 GMT">
  <testcase classname="com.timp.test.MDR.TabelasApoioSped.TabelaCodigoDeContribucaoSocialApurada.TabelaCodigoDeContribucaoSocialApuradaExcluirEmMassa" name="criar" time="179.45"/>
  <testcase classname="com.timp.test.MDR.TabelasApoioSped.TabelaCodigoDeContribucaoSocialApurada.TabelaCodigoDeContribucaoSocialApuradaExcluirEmMassa" name="excluirEmMassa" time="37.521"/>
=======
<testsuite ignored="0" hostname="MassielV" failures="0" tests="2" name="Tabela de Apoio do SPED &gt; 4.3.5 Tabela Código de Contribuição Social Apurada" time="219.676" errors="0" timestamp="25 nov. 2021 07:29:44 GMT">
  <testcase classname="com.timp.test.MDR.TabelasApoioSped.TabelaCodigoDeContribucaoSocialApurada.TabelaCodigoDeContribucaoSocialApuradaExcluirEmMassa" name="criar" time="157.369"/>
  <testcase classname="com.timp.test.MDR.TabelasApoioSped.TabelaCodigoDeContribucaoSocialApurada.TabelaCodigoDeContribucaoSocialApuradaExcluirEmMassa" name="excluirEmMassa" time="40.623"/>
>>>>>>> branch 'Yessy' of https://github.com/salc1997/TIMP_R1.git
>>>>>>> branch 'master' of https://github.com/salc1997/TIMP_R1.git
=======
<testsuite ignored="0" hostname="Agile" failures="1" tests="2" name="Tabela de Apoio do SPED &gt; 4.3.5 Tabela Código de Contribuição Social Apurada" time="3787.73" errors="0" timestamp="04 mar. 2022 08:26:02 GMT">
  <testcase classname="com.timp.test.MDR.TabelasApoioSped.TabelaCodigoDeContribucaoSocialApurada.TabelaCodigoDeContribucaoSocialApuradaExcluirEmMassa" name="criar" time="165.435"/>
  <testcase classname="com.timp.test.MDR.TabelasApoioSped.TabelaCodigoDeContribucaoSocialApurada.TabelaCodigoDeContribucaoSocialApuradaExcluirEmMassa" name="excluirEmMassa" time="3603.749">
    <failure type="org.openqa.selenium.TimeoutException" message="Expected condition failed: waiting for element to be clickable: Proxy element for: DefaultElementLocator &amp;apos;By.xpath: //button[text()=&amp;quot;Aceitar&amp;quot;]&amp;apos; (tried for 3600 second(s) with 500 milliseconds interval)">
      <![CDATA[org.openqa.selenium.TimeoutException: Expected condition failed: waiting for element to be clickable: Proxy element for: DefaultElementLocator 'By.xpath: //button[text()="Aceitar"]' (tried for 3600 second(s) with 500 milliseconds interval)
at org.openqa.selenium.support.ui.WebDriverWait.timeoutException(WebDriverWait.java:95)
at org.openqa.selenium.support.ui.FluentWait.until(FluentWait.java:272)
at com.sap.timp.base.TestBaseSteven.waitExpectElement(TestBaseSteven.java:282)
at com.sap.timp.pageObjectModel.MDR.TabelasApoioSped.TabelaCodigoDeContribucaoSocialApurada.TabelaCodigoDeContribucaoSocialApuradaExcluirEmMassaPO.excluirEmMassa(TabelaCodigoDeContribucaoSocialApuradaExcluirEmMassaPO.java:220)
at com.timp.test.MDR.TabelasApoioSped.TabelaCodigoDeContribucaoSocialApurada.TabelaCodigoDeContribucaoSocialApuradaExcluirEmMassa.excluirEmMassa(TabelaCodigoDeContribucaoSocialApuradaExcluirEmMassa.java:50)
Caused by: org.openqa.selenium.NoSuchElementException: no such element: Unable to locate element: {"method":"xpath","selector":"//button[text()="Aceitar"]"}
  (Session info: chrome=83.0.4103.106)
For documentation on this error, please visit: https://www.seleniumhq.org/exceptions/no_such_element.html
Build info: version: '3.141.59', revision: 'e82be7d358', time: '2018-11-14T08:17:03'
System info: host: 'AGILE', ip: '192.168.0.110', os.name: 'Windows 10', os.arch: 'amd64', os.version: '10.0', java.version: '17.0.1'
Driver info: org.openqa.selenium.chrome.ChromeDriver
Capabilities {acceptInsecureCerts: false, browserName: chrome, browserVersion: 83.0.4103.106, chrome: {chromedriverVersion: 83.0.4103.39 (ccbf011cb2d2b..., userDataDir: C:\Users\MASSIEL\AppData\Lo...}, goog:chromeOptions: {debuggerAddress: localhost:59729}, javascriptEnabled: true, networkConnectionEnabled: false, pageLoadStrategy: normal, platform: WINDOWS, platformName: WINDOWS, proxy: Proxy(), setWindowRect: true, strictFileInteractability: false, timeouts: {implicit: 0, pageLoad: 300000, script: 30000}, unhandledPromptBehavior: dismiss and notify, webauthn:virtualAuthenticators: true}
Session ID: d3af6b87204f01a9070e426d1f84014c
*** Element info: {Using=xpath, value=//button[text()="Aceitar"]}
at org.openqa.selenium.remote.http.W3CHttpResponseCodec.createException(W3CHttpResponseCodec.java:187)
at org.openqa.selenium.remote.http.W3CHttpResponseCodec.decode(W3CHttpResponseCodec.java:122)
at org.openqa.selenium.remote.http.W3CHttpResponseCodec.decode(W3CHttpResponseCodec.java:49)
at org.openqa.selenium.remote.HttpCommandExecutor.execute(HttpCommandExecutor.java:158)
at org.openqa.selenium.remote.service.DriverCommandExecutor.execute(DriverCommandExecutor.java:83)
at org.openqa.selenium.remote.RemoteWebDriver.execute(RemoteWebDriver.java:552)
at org.openqa.selenium.remote.RemoteWebDriver.findElement(RemoteWebDriver.java:323)
at org.openqa.selenium.remote.RemoteWebDriver.findElementByXPath(RemoteWebDriver.java:428)
at org.openqa.selenium.By$ByXPath.findElement(By.java:353)
at org.openqa.selenium.remote.RemoteWebDriver.findElement(RemoteWebDriver.java:315)
at org.openqa.selenium.support.pagefactory.DefaultElementLocator.findElement(DefaultElementLocator.java:69)
at org.openqa.selenium.support.pagefactory.internal.LocatingElementHandler.invoke(LocatingElementHandler.java:38)
at jdk.proxy2/jdk.proxy2.$Proxy12.isDisplayed(Unknown Source)
at org.openqa.selenium.support.ui.ExpectedConditions.elementIfVisible(ExpectedConditions.java:314)
at org.openqa.selenium.support.ui.ExpectedConditions.access$000(ExpectedConditions.java:43)
at org.openqa.selenium.support.ui.ExpectedConditions$10.apply(ExpectedConditions.java:300)
at org.openqa.selenium.support.ui.ExpectedConditions$10.apply(ExpectedConditions.java:297)
at org.openqa.selenium.support.ui.ExpectedConditions$23.apply(ExpectedConditions.java:670)
at org.openqa.selenium.support.ui.ExpectedConditions$23.apply(ExpectedConditions.java:666)
at org.openqa.selenium.support.ui.FluentWait.until(FluentWait.java:249)
... 28 more
... Removed 29 stack frames]]>
    </failure>
  </testcase> <!-- excluirEmMassa -->
>>>>>>> refs/heads/Yessy
</testsuite> <!-- Tabela de Apoio do SPED > 4.3.5 Tabela Código de Contribuição Social Apurada -->
